[debug] [2019-02-14T19:14:43.328Z] ----------------------------------------------------------------------
[debug] [2019-02-14T19:14:43.330Z] Command:       /usr/local/bin/node /usr/local/bin/firebase init instinctiv
[debug] [2019-02-14T19:14:43.330Z] CLI Version:   6.3.1
[debug] [2019-02-14T19:14:43.330Z] Platform:      darwin
[debug] [2019-02-14T19:14:43.330Z] Node Version:  v10.15.1
[debug] [2019-02-14T19:14:43.331Z] Time:          Thu Feb 14 2019 14:14:43 GMT-0500 (Eastern Standard Time)
[debug] [2019-02-14T19:14:43.331Z] ----------------------------------------------------------------------
[debug] 
[debug] [2019-02-14T19:14:43.340Z] > command requires scopes: ["email","openid","https://www.googleapis.com/auth/cloudplatformprojects.readonly","https://www.googleapis.com/auth/firebase","https://www.googleapis.com/auth/cloud-platform"]
[debug] [2019-02-14T19:14:43.340Z] > authorizing via signed-in user
[info] 
     ######## #### ########  ######## ########     ###     ######  ########
     ##        ##  ##     ## ##       ##     ##  ##   ##  ##       ##
     ######    ##  ########  ######   ########  #########  ######  ######
     ##        ##  ##    ##  ##       ##     ## ##     ##       ## ##
     ##       #### ##     ## ######## ########  ##     ##  ######  ########

You're about to initialize a Firebase project in this directory:

  /Users/User/Documents/GitHub/instinctiv/firebase

Before we get started, keep in mind:

  * You are initializing in an existing Firebase project directory

[info] 
=== Project Setup
[info] 
[info] First, let's associate this project directory with a Firebase project.
[info] You can create multiple project aliases by running firebase use --add, 
[info] but for now we'll just set up a default project.
[info] 
[debug] [2019-02-14T19:14:43.345Z] > refreshing access token with scopes: ["email","https://www.googleapis.com/auth/cloud-platform","https://www.googleapis.com/auth/cloudplatformprojects.readonly","https://www.googleapis.com/auth/firebase","openid"]
[debug] [2019-02-14T19:14:43.346Z] >>> HTTP REQUEST POST https://www.googleapis.com/oauth2/v3/token  
 <request body omitted>
[debug] [2019-02-14T19:14:43.639Z] <<< HTTP RESPONSE 200
[debug] [2019-02-14T19:14:43.654Z] >>> HTTP REQUEST GET https://firebase.googleapis.com/v1beta1/projects?page_size=100  
 
[debug] [2019-02-14T19:14:43.985Z] <<< HTTP RESPONSE 200
